d:\research\aiatonce\build\ai-at-once.dir\debug\vc143.pdb
d:\research\aiatonce\build\ai-at-once.dir\debug\main.obj
d:\research\aiatonce\build\ai-at-once.dir\debug\aiobj.obj
d:\research\aiatonce\build\ai-at-once.dir\debug\utils.obj
d:\research\aiatonce\build\ai-at-once.dir\debug\mainwindow.obj
d:\research\aiatonce\build\ai-at-once.dir\debug\app.obj
d:\research\aiatonce\build\cmakefiles\generate.stamp
d:\research\aiatonce\build\debug\ai-at-once.exe
d:\research\aiatonce\build\debug\ai-at-once.pdb
d:\research\aiatonce\build\ai-at-once.dir\debug\ai-at-once.ilk
d:\research\aiatonce\build\ai-at-once.dir\debug\ai-at-once.tlog\cl.command.1.tlog
d:\research\aiatonce\build\ai-at-once.dir\debug\ai-at-once.tlog\cl.items.tlog
d:\research\aiatonce\build\ai-at-once.dir\debug\ai-at-once.tlog\cl.read.1.tlog
d:\research\aiatonce\build\ai-at-once.dir\debug\ai-at-once.tlog\cl.write.1.tlog
d:\research\aiatonce\build\ai-at-once.dir\debug\ai-at-once.tlog\custombuild.command.1.tlog
d:\research\aiatonce\build\ai-at-once.dir\debug\ai-at-once.tlog\custombuild.read.1.tlog
d:\research\aiatonce\build\ai-at-once.dir\debug\ai-at-once.tlog\custombuild.write.1.tlog
d:\research\aiatonce\build\ai-at-once.dir\debug\ai-at-once.tlog\link.command.1.tlog
d:\research\aiatonce\build\ai-at-once.dir\debug\ai-at-once.tlog\link.read.1.tlog
d:\research\aiatonce\build\ai-at-once.dir\debug\ai-at-once.tlog\link.secondary.1.tlog
d:\research\aiatonce\build\ai-at-once.dir\debug\ai-at-once.tlog\link.write.1.tlog
